# JRE version: OpenJDK Runtime Environment (8.0_242-b01) (build 1.8.0_242-release-1644-b01)
# Java VM: OpenJDK 64-Bit Server VM (25.242-b01 mixed mode windows-amd64 compressed oops)
Heap:
 PSYoungGen      total 429056K, used 213185K [0x00000000d5580000, 0x00000000f8f80000, 0x0000000100000000)
  eden space 363520K, 40% used [0x00000000d5580000,0x00000000de5b7100,0x00000000eb880000)
  from space 65536K, 99% used [0x00000000eb880000,0x00000000ef8796e0,0x00000000ef880000)
  to   space 87040K, 0% used [0x00000000f3a80000,0x00000000f3a80000,0x00000000f8f80000)
 ParOldGen       total 525312K, used 186882K [0x0000000080000000, 0x00000000a0100000, 0x00000000d5580000)
  object space 525312K, 35% used [0x0000000080000000,0x000000008b680ae0,0x00000000a0100000)
 Metaspace       used 161779K, capacity 174054K, committed 174272K, reserved 1200128K
  class space    used 20728K, capacity 22895K, committed 23040K, reserved 1048576K
GC Heap History (10 events):
Event: 6052.442 GC heap before
{Heap before GC invocations=52 (full 4):
 PSYoungGen      total 401920K, used 376737K [0x00000000d5580000, 0x00000000f2900000, 0x0000000100000000)
  eden space 363008K, 93% used [0x00000000d5580000,0x00000000e9f97d88,0x00000000eb800000)
  from space 38912K, 99% used [0x00000000ec280000,0x00000000ee8506d0,0x00000000ee880000)
  to   space 57856K, 0% used [0x00000000ef080000,0x00000000ef080000,0x00000000f2900000)
 ParOldGen       total 356352K, used 298473K [0x0000000080000000, 0x0000000095c00000, 0x00000000d5580000)
  object space 356352K, 83% used [0x0000000080000000,0x000000009237a668,0x0000000095c00000)
 Metaspace       used 152100K, capacity 164082K, committed 164160K, reserved 1191936K
  class space    used 19568K, capacity 21691K, committed 21760K, reserved 1048576K
Event: 6052.468 GC heap after
Heap after GC invocations=52 (full 4):
 PSYoungGen      total 410624K, used 57841K [0x00000000d5580000, 0x00000000f3100000, 0x0000000100000000)
  eden space 352768K, 0% used [0x00000000d5580000,0x00000000d5580000,0x00000000eae00000)
  from space 57856K, 99% used [0x00000000ef080000,0x00000000f28fc640,0x00000000f2900000)
  to   space 67072K, 0% used [0x00000000eae00000,0x00000000eae00000,0x00000000eef80000)
 ParOldGen       total 356352K, used 301415K [0x0000000080000000, 0x0000000095c00000, 0x00000000d5580000)
  object space 356352K, 84% used [0x0000000080000000,0x0000000092659f90,0x0000000095c00000)
 Metaspace       used 152100K, capacity 164082K, committed 164160K, reserved 1191936K
  class space    used 19568K, capacity 21691K, committed 21760K, reserved 1048576K
}
Event: 6052.468 GC heap before
{Heap before GC invocations=53 (full 5):
 PSYoungGen      total 410624K, used 57841K [0x00000000d5580000, 0x00000000f3100000, 0x0000000100000000)
  eden space 352768K, 0% used [0x00000000d5580000,0x00000000d5580000,0x00000000eae00000)
  from space 57856K, 99% used [0x00000000ef080000,0x00000000f28fc640,0x00000000f2900000)
  to   space 67072K, 0% used [0x00000000eae00000,0x00000000eae00000,0x00000000eef80000)
 ParOldGen       total 356352K, used 301415K [0x0000000080000000, 0x0000000095c00000, 0x00000000d5580000)
  object space 356352K, 84% used [0x0000000080000000,0x0000000092659f90,0x0000000095c00000)
 Metaspace       used 152100K, capacity 164082K, committed 164160K, reserved 1191936K
  class space    used 19568K, capacity 21691K, committed 21760K, reserved 1048576K
Event: 6052.895 GC heap after
Heap after GC invocations=53 (full 5):
 PSYoungGen      total 410624K, used 0K [0x00000000d5580000, 0x00000000f3100000, 0x0000000100000000)
  eden space 352768K, 0% used [0x00000000d5580000,0x00000000d5580000,0x00000000eae00000)
  from space 57856K, 0% used [0x00000000ef080000,0x00000000ef080000,0x00000000f2900000)
  to   space 67072K, 0% used [0x00000000eae00000,0x00000000eae00000,0x00000000eef80000)
 ParOldGen       total 525312K, used 155365K [0x0000000080000000, 0x00000000a0100000, 0x00000000d5580000)
  object space 525312K, 29% used [0x0000000080000000,0x00000000897b9760,0x00000000a0100000)
 Metaspace       used 148978K, capacity 159330K, committed 164160K, reserved 1191936K
  class space    used 18989K, capacity 20853K, committed 21760K, reserved 1048576K
}
Event: 6134.554 GC heap before
{Heap before GC invocations=54 (full 5):
 PSYoungGen      total 410624K, used 352760K [0x00000000d5580000, 0x00000000f3100000, 0x0000000100000000)
  eden space 352768K, 99% used [0x00000000d5580000,0x00000000eadfe3b0,0x00000000eae00000)
  from space 57856K, 0% used [0x00000000ef080000,0x00000000ef080000,0x00000000f2900000)
  to   space 67072K, 0% used [0x00000000eae00000,0x00000000eae00000,0x00000000eef80000)
 ParOldGen       total 525312K, used 155365K [0x0000000080000000, 0x00000000a0100000, 0x00000000d5580000)
  object space 525312K, 29% used [0x0000000080000000,0x00000000897b9760,0x00000000a0100000)
 Metaspace       used 153027K, capacity 163552K, committed 165952K, reserved 1193984K
  class space    used 19401K, capacity 21318K, committed 21888K, reserved 1048576K
Event: 6134.564 GC heap after
Heap after GC invocations=54 (full 5):
 PSYoungGen      total 419840K, used 16362K [0x00000000d5580000, 0x00000000f3900000, 0x0000000100000000)
  eden space 352768K, 0% used [0x00000000d5580000,0x00000000d5580000,0x00000000eae00000)
  from space 67072K, 24% used [0x00000000eae00000,0x00000000ebdfaa60,0x00000000eef80000)
  to   space 66048K, 0% used [0x00000000ef880000,0x00000000ef880000,0x00000000f3900000)
 ParOldGen       total 525312K, used 155373K [0x0000000080000000, 0x00000000a0100000, 0x00000000d5580000)
  object space 525312K, 29% used [0x0000000080000000,0x00000000897bb760,0x00000000a0100000)
 Metaspace       used 153027K, capacity 163552K, committed 165952K, reserved 1193984K
  class space    used 19401K, capacity 21318K, committed 21888K, reserved 1048576K
}
Event: 6135.263 GC heap before
{Heap before GC invocations=55 (full 5):
 PSYoungGen      total 419840K, used 369130K [0x00000000d5580000, 0x00000000f3900000, 0x0000000100000000)
  eden space 352768K, 100% used [0x00000000d5580000,0x00000000eae00000,0x00000000eae00000)
  from space 67072K, 24% used [0x00000000eae00000,0x00000000ebdfaa60,0x00000000eef80000)
  to   space 66048K, 0% used [0x00000000ef880000,0x00000000ef880000,0x00000000f3900000)
 ParOldGen       total 525312K, used 155373K [0x0000000080000000, 0x00000000a0100000, 0x00000000d5580000)
  object space 525312K, 29% used [0x0000000080000000,0x00000000897bb760,0x00000000a0100000)
 Metaspace       used 154874K, capacity 165646K, committed 167744K, reserved 1196032K
  class space    used 19686K, capacity 21643K, committed 22144K, reserved 1048576K
Event: 6135.277 GC heap after
Heap after GC invocations=55 (full 5):
 PSYoungGen      total 429568K, used 38063K [0x00000000d5580000, 0x00000000f4380000, 0x0000000100000000)
  eden space 363520K, 0% used [0x00000000d5580000,0x00000000d5580000,0x00000000eb880000)
  from space 66048K, 57% used [0x00000000ef880000,0x00000000f1dabc18,0x00000000f3900000)
  to   space 65536K, 0% used [0x00000000eb880000,0x00000000eb880000,0x00000000ef880000)
 ParOldGen       total 525312K, used 155381K [0x0000000080000000, 0x00000000a0100000, 0x00000000d5580000)
  object space 525312K, 29% used [0x0000000080000000,0x00000000897bd760,0x00000000a0100000)
 Metaspace       used 154874K, capacity 165646K, committed 167744K, reserved 1196032K
  class space    used 19686K, capacity 21643K, committed 22144K, reserved 1048576K
}
Event: 6135.995 GC heap before
{Heap before GC invocations=56 (full 5):
 PSYoungGen      total 429568K, used 401583K [0x00000000d5580000, 0x00000000f4380000, 0x0000000100000000)
  eden space 363520K, 100% used [0x00000000d5580000,0x00000000eb880000,0x00000000eb880000)
  from space 66048K, 57% used [0x00000000ef880000,0x00000000f1dabc18,0x00000000f3900000)
  to   space 65536K, 0% used [0x00000000eb880000,0x00000000eb880000,0x00000000ef880000)
 ParOldGen       total 525312K, used 155381K [0x0000000080000000, 0x00000000a0100000, 0x00000000d5580000)
  object space 525312K, 29% used [0x0000000080000000,0x00000000897bd760,0x00000000a0100000)
 Metaspace       used 160280K, capacity 172418K, committed 172864K, reserved 1200128K
  class space    used 20591K, capacity 22753K, committed 22912K, reserved 1048576K
Event: 6136.055 GC heap after
Heap after GC invocations=56 (full 5):
 PSYoungGen      total 429056K, used 65509K [0x00000000d5580000, 0x00000000f8f80000, 0x0000000100000000)
  eden space 363520K, 0% used [0x00000000d5580000,0x00000000d5580000,0x00000000eb880000)
  from space 65536K, 99% used [0x00000000eb880000,0x00000000ef8796e0,0x00000000ef880000)
  to   space 87040K, 0% used [0x00000000f3a80000,0x00000000f3a80000,0x00000000f8f80000)
 ParOldGen       total 525312K, used 186882K [0x0000000080000000, 0x00000000a0100000, 0x00000000d5580000)
  object space 525312K, 35% used [0x0000000080000000,0x000000008b680ae0,0x00000000a0100000)
 Metaspace       used 160280K, capacity 172418K, committed 172864K, reserved 1200128K
  class space    used 20591K, capacity 22753K, committed 22912K, reserved 1048576K
}

